{"C:/Users/leah/tubes-redux/src/lib/Chat/Providers/common.ts": {"path":"C:/Users/leah/tubes-redux/src/lib/Chat/Providers/common.ts","statementMap":{"0":{"start":{"line":7,"column":4},"end":{"line":7,"column":null}},"1":{"start":{"line":7,"column":32},"end":{"line":7,"column":null}},"2":{"start":{"line":9,"column":16},"end":{"line":9,"column":null}},"3":{"start":{"line":11,"column":19},"end":{"line":11,"column":null}},"4":{"start":{"line":13,"column":4},"end":{"line":17,"column":null}},"5":{"start":{"line":14,"column":8},"end":{"line":14,"column":null}},"6":{"start":{"line":15,"column":8},"end":{"line":15,"column":null}},"7":{"start":{"line":16,"column":8},"end":{"line":16,"column":null}},"8":{"start":{"line":20,"column":4},"end":{"line":25,"column":null}},"9":{"start":{"line":21,"column":8},"end":{"line":21,"column":null}},"10":{"start":{"line":22,"column":8},"end":{"line":22,"column":null}},"11":{"start":{"line":23,"column":8},"end":{"line":23,"column":null}},"12":{"start":{"line":24,"column":8},"end":{"line":24,"column":null}},"13":{"start":{"line":27,"column":20},"end":{"line":27,"column":null}},"14":{"start":{"line":29,"column":4},"end":{"line":29,"column":null}},"15":{"start":{"line":31,"column":27},"end":{"line":31,"column":null}},"16":{"start":{"line":32,"column":23},"end":{"line":32,"column":null}},"17":{"start":{"line":33,"column":4},"end":{"line":45,"column":null}},"18":{"start":{"line":34,"column":8},"end":{"line":41,"column":null}},"19":{"start":{"line":35,"column":12},"end":{"line":40,"column":15}},"20":{"start":{"line":40,"column":15},"end":{"line":40,"column":null}},"21":{"start":{"line":43,"column":8},"end":{"line":43,"column":null}},"22":{"start":{"line":44,"column":8},"end":{"line":44,"column":null}},"23":{"start":{"line":47,"column":22},"end":{"line":47,"column":null}},"24":{"start":{"line":49,"column":4},"end":{"line":51,"column":null}},"25":{"start":{"line":56,"column":50},"end":{"line":56,"column":null}},"26":{"start":{"line":57,"column":27},"end":{"line":63,"column":null}},"27":{"start":{"line":65,"column":23},"end":{"line":65,"column":null}},"28":{"start":{"line":67,"column":4},"end":{"line":71,"column":null}},"29":{"start":{"line":68,"column":8},"end":{"line":68,"column":null}},"30":{"start":{"line":68,"column":44},"end":{"line":68,"column":null}},"31":{"start":{"line":69,"column":29},"end":{"line":69,"column":null}},"32":{"start":{"line":70,"column":8},"end":{"line":70,"column":null}},"33":{"start":{"line":73,"column":4},"end":{"line":73,"column":null}},"34":{"start":{"line":81,"column":4},"end":{"line":88,"column":null}},"35":{"start":{"line":82,"column":36},"end":{"line":82,"column":null}},"36":{"start":{"line":83,"column":37},"end":{"line":83,"column":null}},"37":{"start":{"line":85,"column":8},"end":{"line":85,"column":null}},"38":{"start":{"line":87,"column":8},"end":{"line":87,"column":null}},"39":{"start":{"line":93,"column":4},"end":{"line":96,"column":null}},"40":{"start":{"line":93,"column":47},"end":{"line":93,"column":65}},"41":{"start":{"line":94,"column":8},"end":{"line":94,"column":null}},"42":{"start":{"line":96,"column":8},"end":{"line":96,"column":null}},"43":{"start":{"line":98,"column":4},"end":{"line":98,"column":null}},"44":{"start":{"line":101,"column":7},"end":{"line":101,"column":null}},"45":{"start":{"line":102,"column":4},"end":{"line":102,"column":null}},"46":{"start":{"line":103,"column":4},"end":{"line":103,"column":null}},"47":{"start":{"line":104,"column":4},"end":{"line":104,"column":null}},"48":{"start":{"line":105,"column":4},"end":{"line":105,"column":null}},"49":{"start":{"line":106,"column":4},"end":{"line":106,"column":null}},"50":{"start":{"line":107,"column":4},"end":{"line":107,"column":null}},"51":{"start":{"line":108,"column":4},"end":{"line":108,"column":null}},"52":{"start":{"line":109,"column":4},"end":{"line":109,"column":null}},"53":{"start":{"line":110,"column":4},"end":{"line":110,"column":null}},"54":{"start":{"line":111,"column":4},"end":{"line":111,"column":null}},"55":{"start":{"line":112,"column":4},"end":{"line":112,"column":null}},"56":{"start":{"line":113,"column":4},"end":{"line":113,"column":null}},"57":{"start":{"line":114,"column":4},"end":{"line":114,"column":null}},"58":{"start":{"line":115,"column":4},"end":{"line":115,"column":null}},"59":{"start":{"line":116,"column":4},"end":{"line":116,"column":null}},"60":{"start":{"line":117,"column":4},"end":{"line":117,"column":null}},"61":{"start":{"line":118,"column":4},"end":{"line":118,"column":null}},"62":{"start":{"line":119,"column":4},"end":{"line":119,"column":null}},"63":{"start":{"line":120,"column":4},"end":{"line":120,"column":null}},"64":{"start":{"line":121,"column":4},"end":{"line":121,"column":null}},"65":{"start":{"line":122,"column":4},"end":{"line":122,"column":null}},"66":{"start":{"line":123,"column":4},"end":{"line":123,"column":null}},"67":{"start":{"line":124,"column":4},"end":{"line":124,"column":null}},"68":{"start":{"line":125,"column":4},"end":{"line":125,"column":null}},"69":{"start":{"line":126,"column":4},"end":{"line":126,"column":null}},"70":{"start":{"line":127,"column":4},"end":{"line":127,"column":null}},"71":{"start":{"line":128,"column":4},"end":{"line":128,"column":null}},"72":{"start":{"line":129,"column":4},"end":{"line":129,"column":null}},"73":{"start":{"line":130,"column":4},"end":{"line":130,"column":null}},"74":{"start":{"line":131,"column":4},"end":{"line":131,"column":null}},"75":{"start":{"line":132,"column":4},"end":{"line":132,"column":null}},"76":{"start":{"line":133,"column":4},"end":{"line":133,"column":null}},"77":{"start":{"line":134,"column":4},"end":{"line":134,"column":null}},"78":{"start":{"line":135,"column":4},"end":{"line":135,"column":null}},"79":{"start":{"line":136,"column":4},"end":{"line":136,"column":null}},"80":{"start":{"line":137,"column":4},"end":{"line":137,"column":null}},"81":{"start":{"line":138,"column":4},"end":{"line":138,"column":null}},"82":{"start":{"line":139,"column":4},"end":{"line":139,"column":null}},"83":{"start":{"line":140,"column":4},"end":{"line":140,"column":null}},"84":{"start":{"line":141,"column":4},"end":{"line":141,"column":null}},"85":{"start":{"line":142,"column":4},"end":{"line":142,"column":null}},"86":{"start":{"line":143,"column":4},"end":{"line":143,"column":null}},"87":{"start":{"line":144,"column":4},"end":{"line":144,"column":null}},"88":{"start":{"line":145,"column":4},"end":{"line":145,"column":null}},"89":{"start":{"line":146,"column":4},"end":{"line":146,"column":null}},"90":{"start":{"line":147,"column":4},"end":{"line":147,"column":null}},"91":{"start":{"line":148,"column":4},"end":{"line":148,"column":null}},"92":{"start":{"line":149,"column":4},"end":{"line":149,"column":null}},"93":{"start":{"line":150,"column":4},"end":{"line":150,"column":null}},"94":{"start":{"line":151,"column":4},"end":{"line":151,"column":null}},"95":{"start":{"line":152,"column":4},"end":{"line":152,"column":null}},"96":{"start":{"line":153,"column":4},"end":{"line":153,"column":null}},"97":{"start":{"line":154,"column":4},"end":{"line":154,"column":null}},"98":{"start":{"line":155,"column":4},"end":{"line":155,"column":null}},"99":{"start":{"line":156,"column":4},"end":{"line":156,"column":null}},"100":{"start":{"line":157,"column":4},"end":{"line":157,"column":null}},"101":{"start":{"line":158,"column":4},"end":{"line":158,"column":null}},"102":{"start":{"line":159,"column":4},"end":{"line":159,"column":null}},"103":{"start":{"line":160,"column":4},"end":{"line":160,"column":null}},"104":{"start":{"line":161,"column":4},"end":{"line":161,"column":null}},"105":{"start":{"line":162,"column":4},"end":{"line":162,"column":null}},"106":{"start":{"line":163,"column":4},"end":{"line":163,"column":null}},"107":{"start":{"line":164,"column":4},"end":{"line":164,"column":null}},"108":{"start":{"line":165,"column":4},"end":{"line":165,"column":null}},"109":{"start":{"line":166,"column":4},"end":{"line":166,"column":null}},"110":{"start":{"line":167,"column":4},"end":{"line":167,"column":null}},"111":{"start":{"line":168,"column":4},"end":{"line":168,"column":null}},"112":{"start":{"line":169,"column":4},"end":{"line":169,"column":null}},"113":{"start":{"line":170,"column":4},"end":{"line":170,"column":null}},"114":{"start":{"line":171,"column":4},"end":{"line":171,"column":null}},"115":{"start":{"line":172,"column":4},"end":{"line":172,"column":null}},"116":{"start":{"line":173,"column":4},"end":{"line":173,"column":null}},"117":{"start":{"line":174,"column":4},"end":{"line":174,"column":null}},"118":{"start":{"line":175,"column":4},"end":{"line":175,"column":null}},"119":{"start":{"line":176,"column":4},"end":{"line":176,"column":null}},"120":{"start":{"line":177,"column":4},"end":{"line":177,"column":null}},"121":{"start":{"line":178,"column":4},"end":{"line":178,"column":null}},"122":{"start":{"line":179,"column":4},"end":{"line":179,"column":null}},"123":{"start":{"line":180,"column":4},"end":{"line":180,"column":null}},"124":{"start":{"line":181,"column":4},"end":{"line":181,"column":null}},"125":{"start":{"line":182,"column":4},"end":{"line":182,"column":null}},"126":{"start":{"line":183,"column":4},"end":{"line":183,"column":null}},"127":{"start":{"line":184,"column":4},"end":{"line":184,"column":null}},"128":{"start":{"line":185,"column":4},"end":{"line":185,"column":null}},"129":{"start":{"line":186,"column":4},"end":{"line":186,"column":null}},"130":{"start":{"line":187,"column":4},"end":{"line":187,"column":null}},"131":{"start":{"line":188,"column":4},"end":{"line":188,"column":null}},"132":{"start":{"line":189,"column":4},"end":{"line":189,"column":null}},"133":{"start":{"line":190,"column":4},"end":{"line":190,"column":null}},"134":{"start":{"line":191,"column":4},"end":{"line":191,"column":null}},"135":{"start":{"line":192,"column":4},"end":{"line":192,"column":null}},"136":{"start":{"line":193,"column":4},"end":{"line":193,"column":null}},"137":{"start":{"line":194,"column":4},"end":{"line":194,"column":null}},"138":{"start":{"line":195,"column":4},"end":{"line":195,"column":null}},"139":{"start":{"line":196,"column":4},"end":{"line":196,"column":null}},"140":{"start":{"line":197,"column":4},"end":{"line":197,"column":null}},"141":{"start":{"line":198,"column":4},"end":{"line":198,"column":null}},"142":{"start":{"line":199,"column":4},"end":{"line":199,"column":null}},"143":{"start":{"line":200,"column":4},"end":{"line":200,"column":null}},"144":{"start":{"line":201,"column":4},"end":{"line":201,"column":null}},"145":{"start":{"line":202,"column":4},"end":{"line":202,"column":null}},"146":{"start":{"line":203,"column":4},"end":{"line":203,"column":null}},"147":{"start":{"line":204,"column":4},"end":{"line":204,"column":null}},"148":{"start":{"line":205,"column":4},"end":{"line":205,"column":null}},"149":{"start":{"line":206,"column":4},"end":{"line":206,"column":null}},"150":{"start":{"line":207,"column":4},"end":{"line":207,"column":null}},"151":{"start":{"line":208,"column":4},"end":{"line":208,"column":null}},"152":{"start":{"line":209,"column":4},"end":{"line":209,"column":null}},"153":{"start":{"line":210,"column":4},"end":{"line":210,"column":null}},"154":{"start":{"line":211,"column":4},"end":{"line":211,"column":null}},"155":{"start":{"line":212,"column":4},"end":{"line":212,"column":null}},"156":{"start":{"line":213,"column":4},"end":{"line":213,"column":null}},"157":{"start":{"line":214,"column":4},"end":{"line":214,"column":null}},"158":{"start":{"line":215,"column":4},"end":{"line":215,"column":null}},"159":{"start":{"line":216,"column":4},"end":{"line":216,"column":null}},"160":{"start":{"line":217,"column":4},"end":{"line":217,"column":null}},"161":{"start":{"line":218,"column":4},"end":{"line":218,"column":null}},"162":{"start":{"line":219,"column":4},"end":{"line":219,"column":null}},"163":{"start":{"line":220,"column":4},"end":{"line":220,"column":null}},"164":{"start":{"line":221,"column":4},"end":{"line":221,"column":null}},"165":{"start":{"line":222,"column":4},"end":{"line":222,"column":null}},"166":{"start":{"line":223,"column":4},"end":{"line":223,"column":null}},"167":{"start":{"line":224,"column":4},"end":{"line":224,"column":null}},"168":{"start":{"line":225,"column":4},"end":{"line":225,"column":null}},"169":{"start":{"line":226,"column":4},"end":{"line":226,"column":null}},"170":{"start":{"line":101,"column":12},"end":{"line":101,"column":null}}},"fnMap":{"0":{"name":"handle_raw_irc_msg","decl":{"start":{"line":3,"column":16},"end":{"line":3,"column":null}},"loc":{"start":{"line":6,"column":19},"end":{"line":52,"column":null}}},"1":{"name":"transform_raw_tags","decl":{"start":{"line":55,"column":16},"end":{"line":55,"column":35}},"loc":{"start":{"line":55,"column":53},"end":{"line":74,"column":null}}},"2":{"name":"transform_user_line","decl":{"start":{"line":80,"column":16},"end":{"line":80,"column":36}},"loc":{"start":{"line":80,"column":60},"end":{"line":89,"column":null}}},"3":{"name":"parseCommandName","decl":{"start":{"line":91,"column":9},"end":{"line":91,"column":26}},"loc":{"start":{"line":91,"column":62},"end":{"line":99,"column":null}}},"4":{"name":"(anonymous_4)","decl":{"start":{"line":93,"column":40},"end":{"line":93,"column":41}},"loc":{"start":{"line":93,"column":47},"end":{"line":93,"column":65}}},"5":{"name":"(anonymous_5)","decl":{"start":{"line":101,"column":7},"end":{"line":101,"column":12}},"loc":{"start":{"line":101,"column":7},"end":{"line":101,"column":null}}}},"branchMap":{"0":{"loc":{"start":{"line":7,"column":4},"end":{"line":7,"column":null}},"type":"if","locations":[{"start":{"line":7,"column":4},"end":{"line":7,"column":null}},{"start":{"line":7,"column":4},"end":{"line":7,"column":null}}]},"1":{"loc":{"start":{"line":13,"column":4},"end":{"line":17,"column":null}},"type":"if","locations":[{"start":{"line":13,"column":4},"end":{"line":17,"column":null}},{"start":{"line":13,"column":4},"end":{"line":17,"column":null}}]},"2":{"loc":{"start":{"line":20,"column":4},"end":{"line":25,"column":null}},"type":"if","locations":[{"start":{"line":20,"column":4},"end":{"line":25,"column":null}},{"start":{"line":20,"column":4},"end":{"line":25,"column":null}}]},"3":{"loc":{"start":{"line":34,"column":8},"end":{"line":41,"column":null}},"type":"if","locations":[{"start":{"line":34,"column":8},"end":{"line":41,"column":null}},{"start":{"line":34,"column":8},"end":{"line":41,"column":null}}]},"4":{"loc":{"start":{"line":81,"column":4},"end":{"line":88,"column":null}},"type":"if","locations":[{"start":{"line":81,"column":4},"end":{"line":88,"column":null}},{"start":{"line":86,"column":11},"end":{"line":88,"column":null}}]},"5":{"loc":{"start":{"line":81,"column":8},"end":{"line":81,"column":54}},"type":"binary-expr","locations":[{"start":{"line":81,"column":8},"end":{"line":81,"column":32}},{"start":{"line":81,"column":32},"end":{"line":81,"column":54}}]},"6":{"loc":{"start":{"line":93,"column":4},"end":{"line":96,"column":null}},"type":"if","locations":[{"start":{"line":93,"column":4},"end":{"line":96,"column":null}},{"start":{"line":96,"column":8},"end":{"line":96,"column":null}}]},"7":{"loc":{"start":{"line":101,"column":12},"end":{"line":101,"column":null}},"type":"binary-expr","locations":[{"start":{"line":101,"column":12},"end":{"line":101,"column":null}},{"start":{"line":101,"column":12},"end":{"line":101,"column":null}}]}},"s":{"0":2,"1":0,"2":2,"3":2,"4":2,"5":1,"6":1,"7":1,"8":2,"9":2,"10":2,"11":2,"12":2,"13":2,"14":2,"15":2,"16":2,"17":2,"18":3,"19":1,"20":1,"21":2,"22":2,"23":2,"24":2,"25":3,"26":3,"27":3,"28":3,"29":5,"30":25,"31":5,"32":5,"33":3,"34":2,"35":2,"36":2,"37":2,"38":0,"39":0,"40":0,"41":0,"42":0,"43":0,"44":1,"45":1,"46":1,"47":1,"48":1,"49":1,"50":1,"51":1,"52":1,"53":1,"54":1,"55":1,"56":1,"57":1,"58":1,"59":1,"60":1,"61":1,"62":1,"63":1,"64":1,"65":1,"66":1,"67":1,"68":1,"69":1,"70":1,"71":1,"72":1,"73":1,"74":1,"75":1,"76":1,"77":1,"78":1,"79":1,"80":1,"81":1,"82":1,"83":1,"84":1,"85":1,"86":1,"87":1,"88":1,"89":1,"90":1,"91":1,"92":1,"93":1,"94":1,"95":1,"96":1,"97":1,"98":1,"99":1,"100":1,"101":1,"102":1,"103":1,"104":1,"105":1,"106":1,"107":1,"108":1,"109":1,"110":1,"111":1,"112":1,"113":1,"114":1,"115":1,"116":1,"117":1,"118":1,"119":1,"120":1,"121":1,"122":1,"123":1,"124":1,"125":1,"126":1,"127":1,"128":1,"129":1,"130":1,"131":1,"132":1,"133":1,"134":1,"135":1,"136":1,"137":1,"138":1,"139":1,"140":1,"141":1,"142":1,"143":1,"144":1,"145":1,"146":1,"147":1,"148":1,"149":1,"150":1,"151":1,"152":1,"153":1,"154":1,"155":1,"156":1,"157":1,"158":1,"159":1,"160":1,"161":1,"162":1,"163":1,"164":1,"165":1,"166":1,"167":1,"168":1,"169":1,"170":1},"f":{"0":2,"1":3,"2":2,"3":0,"4":0,"5":1},"b":{"0":[0,2],"1":[1,1],"2":[2,0],"3":[1,2],"4":[2,0],"5":[2,2],"6":[0,0],"7":[1,1]}}
}
